[debug] [2025-07-03T23:32:15.037Z] ----------------------------------------------------------------------
[debug] [2025-07-03T23:32:15.041Z] Command:       /usr/local/bin/node /Users/ryneevans/.npm-global/bin/firebase deploy --only functions
[debug] [2025-07-03T23:32:15.041Z] CLI Version:   14.9.0
[debug] [2025-07-03T23:32:15.041Z] Platform:      darwin
[debug] [2025-07-03T23:32:15.041Z] Node Version:  v22.16.0
[debug] [2025-07-03T23:32:15.041Z] Time:          Thu Jul 03 2025 16:32:15 GMT-0700 (Pacific Daylight Time)
[debug] [2025-07-03T23:32:15.041Z] ----------------------------------------------------------------------
[debug] 
[debug] [2025-07-03T23:32:15.113Z] > command requires scopes: ["email","openid","https://www.googleapis.com/auth/cloudplatformprojects.readonly","https://www.googleapis.com/auth/firebase","https://www.googleapis.com/auth/cloud-platform"]
[debug] [2025-07-03T23:32:15.113Z] > authorizing via signed-in user (ryne@mindfulway-therapy.com)
[debug] [2025-07-03T23:32:15.113Z] [iam] checking project forms-bd6c1 for permissions ["cloudfunctions.functions.create","cloudfunctions.functions.delete","cloudfunctions.functions.get","cloudfunctions.functions.list","cloudfunctions.functions.update","cloudfunctions.operations.get","firebase.projects.get"]
[debug] [2025-07-03T23:32:15.113Z] Checked if tokens are valid: true, expires at: 1751586783610
[debug] [2025-07-03T23:32:15.113Z] Checked if tokens are valid: true, expires at: 1751586783610
[debug] [2025-07-03T23:32:15.114Z] >>> [apiv2][query] POST https://cloudresourcemanager.googleapis.com/v1/projects/forms-bd6c1:testIamPermissions [none]
[debug] [2025-07-03T23:32:15.114Z] >>> [apiv2][(partial)header] POST https://cloudresourcemanager.googleapis.com/v1/projects/forms-bd6c1:testIamPermissions x-goog-quota-user=projects/forms-bd6c1
[debug] [2025-07-03T23:32:15.114Z] >>> [apiv2][body] POST https://cloudresourcemanager.googleapis.com/v1/projects/forms-bd6c1:testIamPermissions {"permissions":["cloudfunctions.functions.create","cloudfunctions.functions.delete","cloudfunctions.functions.get","cloudfunctions.functions.list","cloudfunctions.functions.update","cloudfunctions.operations.get","firebase.projects.get"]}
[debug] [2025-07-03T23:32:15.290Z] <<< [apiv2][status] POST https://cloudresourcemanager.googleapis.com/v1/projects/forms-bd6c1:testIamPermissions 200
[debug] [2025-07-03T23:32:15.290Z] <<< [apiv2][body] POST https://cloudresourcemanager.googleapis.com/v1/projects/forms-bd6c1:testIamPermissions {"permissions":["cloudfunctions.functions.create","cloudfunctions.functions.delete","cloudfunctions.functions.get","cloudfunctions.functions.list","cloudfunctions.functions.update","cloudfunctions.operations.get","firebase.projects.get"]}
[debug] [2025-07-03T23:32:15.290Z] Checked if tokens are valid: true, expires at: 1751586783610
[debug] [2025-07-03T23:32:15.290Z] Checked if tokens are valid: true, expires at: 1751586783610
[debug] [2025-07-03T23:32:15.290Z] >>> [apiv2][query] POST https://iam.googleapis.com/v1/projects/forms-bd6c1/serviceAccounts/forms-bd6c1@appspot.gserviceaccount.com:testIamPermissions [none]
[debug] [2025-07-03T23:32:15.290Z] >>> [apiv2][body] POST https://iam.googleapis.com/v1/projects/forms-bd6c1/serviceAccounts/forms-bd6c1@appspot.gserviceaccount.com:testIamPermissions {"permissions":["iam.serviceAccounts.actAs"]}
[debug] [2025-07-03T23:32:15.708Z] <<< [apiv2][status] POST https://iam.googleapis.com/v1/projects/forms-bd6c1/serviceAccounts/forms-bd6c1@appspot.gserviceaccount.com:testIamPermissions 200
[debug] [2025-07-03T23:32:15.708Z] <<< [apiv2][body] POST https://iam.googleapis.com/v1/projects/forms-bd6c1/serviceAccounts/forms-bd6c1@appspot.gserviceaccount.com:testIamPermissions {"permissions":["iam.serviceAccounts.actAs"]}
[info] 
[info] === Deploying to 'forms-bd6c1'...
[info] 
[info] i  deploying functions 
[debug] [2025-07-03T23:32:15.710Z] Checked if tokens are valid: true, expires at: 1751586783610
[debug] [2025-07-03T23:32:15.710Z] Checked if tokens are valid: true, expires at: 1751586783610
[debug] [2025-07-03T23:32:15.710Z] >>> [apiv2][query] GET https://cloudresourcemanager.googleapis.com/v1/projects/forms-bd6c1 [none]
[debug] [2025-07-03T23:32:15.831Z] <<< [apiv2][status] GET https://cloudresourcemanager.googleapis.com/v1/projects/forms-bd6c1 200
[debug] [2025-07-03T23:32:15.831Z] <<< [apiv2][body] GET https://cloudresourcemanager.googleapis.com/v1/projects/forms-bd6c1 {"projectNumber":"775486679057","projectId":"forms-bd6c1","lifecycleState":"ACTIVE","name":"Forms","labels":{"firebase":"enabled","firebase-core":"disabled"},"createTime":"2025-06-27T15:32:16.573206Z","parent":{"type":"organization","id":"938577383476"}}
[info] i  functions: preparing codebase default for deployment 
[info] i  functions: ensuring required API cloudfunctions.googleapis.com is enabled... 
[info] i  functions: ensuring required API cloudbuild.googleapis.com is enabled... 
[info] i  artifactregistry: ensuring required API artifactregistry.googleapis.com is enabled... 
[debug] [2025-07-03T23:32:15.834Z] Checked if tokens are valid: true, expires at: 1751586783610
[debug] [2025-07-03T23:32:15.834Z] Checked if tokens are valid: true, expires at: 1751586783610
[debug] [2025-07-03T23:32:15.834Z] >>> [apiv2][query] GET https://firebase.googleapis.com/v1beta1/projects/forms-bd6c1/adminSdkConfig [none]
[debug] [2025-07-03T23:32:16.318Z] <<< [apiv2][status] GET https://firebase.googleapis.com/v1beta1/projects/forms-bd6c1/adminSdkConfig 200
[debug] [2025-07-03T23:32:16.318Z] <<< [apiv2][body] GET https://firebase.googleapis.com/v1beta1/projects/forms-bd6c1/adminSdkConfig {"projectId":"forms-bd6c1","storageBucket":"forms-bd6c1.firebasestorage.app"}
[debug] [2025-07-03T23:32:16.318Z] Checked if tokens are valid: true, expires at: 1751586783610
[debug] [2025-07-03T23:32:16.318Z] Checked if tokens are valid: true, expires at: 1751586783610
[debug] [2025-07-03T23:32:16.318Z] >>> [apiv2][query] GET https://runtimeconfig.googleapis.com/v1beta1/projects/forms-bd6c1/configs [none]
[debug] [2025-07-03T23:32:16.497Z] <<< [apiv2][status] GET https://runtimeconfig.googleapis.com/v1beta1/projects/forms-bd6c1/configs 200
[debug] [2025-07-03T23:32:16.497Z] <<< [apiv2][body] GET https://runtimeconfig.googleapis.com/v1beta1/projects/forms-bd6c1/configs {}
[debug] [2025-07-03T23:32:16.497Z] Validating nodejs source
[warn] ⚠  functions: Runtime Node.js 18 was deprecated on 2025-04-30 and will be decommissioned on 2025-10-30, after which you will not be able to deploy without upgrading. Consider upgrading now to avoid disruption. See https://cloud.google.com/functions/docs/runtime-support for full details on the lifecycle policy 
[debug] [2025-07-03T23:32:16.904Z] > [functions] package.json contents: {
  "name": "functions",
  "description": "Cloud Functions for Firebase",
  "scripts": {
    "serve": "firebase emulators:start --only functions",
    "shell": "firebase functions:shell",
    "start": "npm run shell",
    "deploy": "firebase deploy --only functions",
    "logs": "firebase functions:log"
  },
  "engines": {
    "node": "22"
  },
  "main": "index.js",
  "dependencies": {
    "firebase-admin": "^12.6.0",
    "firebase-functions": "^6.0.1"
  },
  "devDependencies": {
    "firebase-functions-test": "^3.1.0"
  },
  "private": true
}
[debug] [2025-07-03T23:32:16.904Z] Building nodejs source
[info] i  functions: Loading and analyzing source code for codebase default to determine what to deploy 
[debug] [2025-07-03T23:32:16.905Z] Could not find functions.yaml. Must use http discovery
[debug] [2025-07-03T23:32:16.909Z] Found firebase-functions binary at '/Users/ryneevans/Desktop/MIGDAS/PDF/firebase-json-form-demo/functions/node_modules/.bin/firebase-functions'
[info] Serving at port 8494

[debug] [2025-07-03T23:32:17.721Z] Got response from /__/functions.yaml {"endpoints":{"api":{"availableMemoryMb":null,"timeoutSeconds":null,"minInstances":null,"maxInstances":null,"ingressSettings":null,"concurrency":null,"serviceAccountEmail":null,"vpc":null,"platform":"gcfv2","labels":{},"httpsTrigger":{},"entryPoint":"api"}},"specVersion":"v1alpha1","requiredAPIs":[],"extensions":{}}
[info] i  extensions: ensuring required API firebaseextensions.googleapis.com is enabled... 
[debug] [2025-07-03T23:32:21.753Z] > command requires scopes: ["email","openid","https://www.googleapis.com/auth/cloudplatformprojects.readonly","https://www.googleapis.com/auth/firebase","https://www.googleapis.com/auth/cloud-platform"]
[debug] [2025-07-03T23:32:21.754Z] > authorizing via signed-in user (ryne@mindfulway-therapy.com)
[debug] [2025-07-03T23:32:21.754Z] [iam] checking project forms-bd6c1 for permissions ["firebase.projects.get","firebaseextensions.instances.list"]
[debug] [2025-07-03T23:32:21.754Z] Checked if tokens are valid: true, expires at: 1751586783610
[debug] [2025-07-03T23:32:21.754Z] Checked if tokens are valid: true, expires at: 1751586783610
[debug] [2025-07-03T23:32:21.754Z] >>> [apiv2][query] POST https://cloudresourcemanager.googleapis.com/v1/projects/forms-bd6c1:testIamPermissions [none]
[debug] [2025-07-03T23:32:21.754Z] >>> [apiv2][(partial)header] POST https://cloudresourcemanager.googleapis.com/v1/projects/forms-bd6c1:testIamPermissions x-goog-quota-user=projects/forms-bd6c1
[debug] [2025-07-03T23:32:21.754Z] >>> [apiv2][body] POST https://cloudresourcemanager.googleapis.com/v1/projects/forms-bd6c1:testIamPermissions {"permissions":["firebase.projects.get","firebaseextensions.instances.list"]}
[debug] [2025-07-03T23:32:21.886Z] <<< [apiv2][status] POST https://cloudresourcemanager.googleapis.com/v1/projects/forms-bd6c1:testIamPermissions 200
[debug] [2025-07-03T23:32:21.886Z] <<< [apiv2][body] POST https://cloudresourcemanager.googleapis.com/v1/projects/forms-bd6c1:testIamPermissions {"permissions":["firebase.projects.get","firebaseextensions.instances.list"]}
[debug] [2025-07-03T23:32:21.886Z] Checked if tokens are valid: true, expires at: 1751586783610
[debug] [2025-07-03T23:32:21.886Z] Checked if tokens are valid: true, expires at: 1751586783610
[debug] [2025-07-03T23:32:21.886Z] >>> [apiv2][query] GET https://firebaseextensions.googleapis.com/v1beta/projects/forms-bd6c1/instances pageSize=100&pageToken=
[debug] [2025-07-03T23:32:22.200Z] <<< [apiv2][status] GET https://firebaseextensions.googleapis.com/v1beta/projects/forms-bd6c1/instances 200
[debug] [2025-07-03T23:32:22.201Z] <<< [apiv2][body] GET https://firebaseextensions.googleapis.com/v1beta/projects/forms-bd6c1/instances {}
[info] i  functions: preparing functions directory for uploading... 
[info] i  functions: packaged /Users/ryneevans/Desktop/MIGDAS/PDF/firebase-json-form-demo/functions (70.52 KB) for uploading 
[debug] [2025-07-03T23:32:22.229Z] Checked if tokens are valid: true, expires at: 1751586783610
[debug] [2025-07-03T23:32:22.229Z] Checked if tokens are valid: true, expires at: 1751586783610
[debug] [2025-07-03T23:32:22.229Z] >>> [apiv2][query] GET https://cloudfunctions.googleapis.com/v1/projects/forms-bd6c1/locations/-/functions [none]
[debug] [2025-07-03T23:32:22.814Z] <<< [apiv2][status] GET https://cloudfunctions.googleapis.com/v1/projects/forms-bd6c1/locations/-/functions 200
[debug] [2025-07-03T23:32:22.815Z] <<< [apiv2][body] GET https://cloudfunctions.googleapis.com/v1/projects/forms-bd6c1/locations/-/functions {}
[debug] [2025-07-03T23:32:22.815Z] Checked if tokens are valid: true, expires at: 1751586783610
[debug] [2025-07-03T23:32:22.816Z] Checked if tokens are valid: true, expires at: 1751586783610
[debug] [2025-07-03T23:32:22.816Z] >>> [apiv2][query] GET https://cloudfunctions.googleapis.com/v2/projects/forms-bd6c1/locations/-/functions filter=environment%3D%22GEN_2%22
[debug] [2025-07-03T23:32:23.412Z] <<< [apiv2][status] GET https://cloudfunctions.googleapis.com/v2/projects/forms-bd6c1/locations/-/functions 200
[debug] [2025-07-03T23:32:23.413Z] <<< [apiv2][body] GET https://cloudfunctions.googleapis.com/v2/projects/forms-bd6c1/locations/-/functions {"functions":[{"name":"projects/forms-bd6c1/locations/us-central1/functions/api","buildConfig":{"build":"projects/775486679057/locations/us-central1/builds/1c4d3538-4600-49da-a96e-47e1de40b1a1","runtime":"nodejs22","entryPoint":"api","source":{"storageSource":{"bucket":"gcf-v2-sources-775486679057-us-central1","object":"api/function-source.zip","generation":"1751585233671885"}},"environmentVariables":{"GOOGLE_NODE_RUN_SCRIPTS":""},"dockerRepository":"projects/forms-bd6c1/locations/us-central1/repositories/gcf-artifacts","serviceAccount":"projects/forms-bd6c1/serviceAccounts/775486679057-compute@developer.gserviceaccount.com","automaticUpdatePolicy":{}},"serviceConfig":{"service":"projects/forms-bd6c1/locations/us-central1/services/api","timeoutSeconds":60,"environmentVariables":{"FIREBASE_CONFIG":"{\"projectId\":\"forms-bd6c1\",\"storageBucket\":\"forms-bd6c1.firebasestorage.app\"}","GCLOUD_PROJECT":"forms-bd6c1","EVENTARC_CLOUD_EVENT_SOURCE":"projects/forms-bd6c1/locations/us-central1/services/api","FUNCTION_TARGET":"api","LOG_EXECUTION_ID":"true"},"maxInstanceCount":20,"ingressSettings":"ALLOW_ALL","serviceAccountEmail":"775486679057-compute@developer.gserviceaccount.com","availableMemory":"256Mi","allTrafficOnLatestRevision":true,"revision":"api-00003-nup","maxInstanceRequestConcurrency":80,"availableCpu":"1"},"state":"ACTIVE","updateTime":"2025-07-03T23:29:27.940474852Z","labels":{"firebase-functions-hash":"b69e5140844287eabf11094f871f52315168a6ca","deployment-tool":"cli-firebase"},"environment":"GEN_2","url":"https://us-central1-forms-bd6c1.cloudfunctions.net/api","createTime":"2025-07-03T21:56:32.623904190Z","satisfiesPzi":true}]}
[info] i  functions: ensuring required API run.googleapis.com is enabled... 
[info] i  functions: ensuring required API eventarc.googleapis.com is enabled... 
[info] i  functions: ensuring required API pubsub.googleapis.com is enabled... 
[info] i  functions: ensuring required API storage.googleapis.com is enabled... 
[info] i  functions: generating the service identity for pubsub.googleapis.com... 
[debug] [2025-07-03T23:32:23.417Z] Checked if tokens are valid: true, expires at: 1751586783610
[debug] [2025-07-03T23:32:23.417Z] Checked if tokens are valid: true, expires at: 1751586783610
[info] i  functions: generating the service identity for eventarc.googleapis.com... 
[debug] [2025-07-03T23:32:23.417Z] Checked if tokens are valid: true, expires at: 1751586783610
[debug] [2025-07-03T23:32:23.417Z] Checked if tokens are valid: true, expires at: 1751586783610
[debug] [2025-07-03T23:32:23.417Z] >>> [apiv2][query] POST https://serviceusage.googleapis.com/v1beta1/projects/775486679057/services/pubsub.googleapis.com:generateServiceIdentity [none]
[debug] [2025-07-03T23:32:23.417Z] >>> [apiv2][(partial)header] POST https://serviceusage.googleapis.com/v1beta1/projects/775486679057/services/pubsub.googleapis.com:generateServiceIdentity x-goog-quota-user=projects/775486679057
[debug] [2025-07-03T23:32:23.417Z] >>> [apiv2][body] POST https://serviceusage.googleapis.com/v1beta1/projects/775486679057/services/pubsub.googleapis.com:generateServiceIdentity {}
[debug] [2025-07-03T23:32:23.418Z] >>> [apiv2][query] POST https://serviceusage.googleapis.com/v1beta1/projects/775486679057/services/eventarc.googleapis.com:generateServiceIdentity [none]
[debug] [2025-07-03T23:32:23.418Z] >>> [apiv2][(partial)header] POST https://serviceusage.googleapis.com/v1beta1/projects/775486679057/services/eventarc.googleapis.com:generateServiceIdentity x-goog-quota-user=projects/775486679057
[debug] [2025-07-03T23:32:23.419Z] >>> [apiv2][body] POST https://serviceusage.googleapis.com/v1beta1/projects/775486679057/services/eventarc.googleapis.com:generateServiceIdentity {}
[debug] [2025-07-03T23:32:23.763Z] <<< [apiv2][status] POST https://serviceusage.googleapis.com/v1beta1/projects/775486679057/services/eventarc.googleapis.com:generateServiceIdentity 200
[debug] [2025-07-03T23:32:23.764Z] <<< [apiv2][body] POST https://serviceusage.googleapis.com/v1beta1/projects/775486679057/services/eventarc.googleapis.com:generateServiceIdentity {"name":"operations/finished.DONE_OPERATION","done":true,"response":{"@type":"type.googleapis.com/google.api.serviceusage.v1beta1.ServiceIdentity","email":"service-775486679057@gcp-sa-eventarc.iam.gserviceaccount.com","uniqueId":"115748923678270109174"}}
[debug] [2025-07-03T23:32:23.934Z] <<< [apiv2][status] POST https://serviceusage.googleapis.com/v1beta1/projects/775486679057/services/pubsub.googleapis.com:generateServiceIdentity 200
[debug] [2025-07-03T23:32:23.934Z] <<< [apiv2][body] POST https://serviceusage.googleapis.com/v1beta1/projects/775486679057/services/pubsub.googleapis.com:generateServiceIdentity {"name":"operations/finished.DONE_OPERATION","done":true,"response":{"@type":"type.googleapis.com/google.api.serviceusage.v1beta1.ServiceIdentity","email":"service-775486679057@gcp-sa-pubsub.iam.gserviceaccount.com","uniqueId":"116674323798951757462"}}
[debug] [2025-07-03T23:32:23.936Z] Checked if tokens are valid: true, expires at: 1751586783610
[debug] [2025-07-03T23:32:23.936Z] Checked if tokens are valid: true, expires at: 1751586783610
[debug] [2025-07-03T23:32:23.936Z] >>> [apiv2][query] GET https://cloudresourcemanager.googleapis.com/v1/projects/forms-bd6c1 [none]
[debug] [2025-07-03T23:32:24.053Z] <<< [apiv2][status] GET https://cloudresourcemanager.googleapis.com/v1/projects/forms-bd6c1 200
[debug] [2025-07-03T23:32:24.053Z] <<< [apiv2][body] GET https://cloudresourcemanager.googleapis.com/v1/projects/forms-bd6c1 {"projectNumber":"775486679057","projectId":"forms-bd6c1","lifecycleState":"ACTIVE","name":"Forms","labels":{"firebase":"enabled","firebase-core":"disabled"},"createTime":"2025-06-27T15:32:16.573206Z","parent":{"type":"organization","id":"938577383476"}}
[debug] [2025-07-03T23:32:24.053Z] Checked if tokens are valid: true, expires at: 1751586783610
[debug] [2025-07-03T23:32:24.054Z] Checked if tokens are valid: true, expires at: 1751586783610
[debug] [2025-07-03T23:32:24.054Z] >>> [apiv2][query] GET https://compute.googleapis.com/compute/v1/projects/775486679057 [none]
[debug] [2025-07-03T23:32:24.222Z] <<< [apiv2][status] GET https://compute.googleapis.com/compute/v1/projects/775486679057 403
[debug] [2025-07-03T23:32:24.223Z] <<< [apiv2][body] GET https://compute.googleapis.com/compute/v1/projects/775486679057 {"error":{"code":403,"message":"Compute Engine API has not been used in project 775486679057 before or it is disabled. Enable it by visiting https://console.developers.google.com/apis/api/compute.googleapis.com/overview?project=775486679057 then retry. If you enabled this API recently, wait a few minutes for the action to propagate to our systems and retry.","errors":[{"message":"Compute Engine API has not been used in project 775486679057 before or it is disabled. Enable it by visiting https://console.developers.google.com/apis/api/compute.googleapis.com/overview?project=775486679057 then retry. If you enabled this API recently, wait a few minutes for the action to propagate to our systems and retry.","domain":"usageLimits","reason":"accessNotConfigured","extendedHelp":"https://console.developers.google.com"}],"status":"PERMISSION_DENIED","details":[{"@type":"type.googleapis.com/google.rpc.ErrorInfo","reason":"SERVICE_DISABLED","domain":"googleapis.com","metadata":{"service":"compute.googleapis.com","consumer":"projects/775486679057","serviceTitle":"Compute Engine API","activationUrl":"https://console.developers.google.com/apis/api/compute.googleapis.com/overview?project=775486679057","containerInfo":"775486679057"}},{"@type":"type.googleapis.com/google.rpc.LocalizedMessage","locale":"en-US","message":"Compute Engine API has not been used in project 775486679057 before or it is disabled. Enable it by visiting https://console.developers.google.com/apis/api/compute.googleapis.com/overview?project=775486679057 then retry. If you enabled this API recently, wait a few minutes for the action to propagate to our systems and retry."},{"@type":"type.googleapis.com/google.rpc.Help","links":[{"description":"Google developers console API activation","url":"https://console.developers.google.com/apis/api/compute.googleapis.com/overview?project=775486679057"}]}]}}
[debug] [2025-07-03T23:32:24.224Z] unable to look up default compute service account. Falling back to 775486679057-compute@developer.gserviceaccount.com. Error: {"name":"FirebaseError","children":[],"context":{"body":{"error":{"code":403,"message":"Compute Engine API has not been used in project 775486679057 before or it is disabled. Enable it by visiting https://console.developers.google.com/apis/api/compute.googleapis.com/overview?project=775486679057 then retry. If you enabled this API recently, wait a few minutes for the action to propagate to our systems and retry.","errors":[{"message":"Compute Engine API has not been used in project 775486679057 before or it is disabled. Enable it by visiting https://console.developers.google.com/apis/api/compute.googleapis.com/overview?project=775486679057 then retry. If you enabled this API recently, wait a few minutes for the action to propagate to our systems and retry.","domain":"usageLimits","reason":"accessNotConfigured","extendedHelp":"https://console.developers.google.com"}],"status":"PERMISSION_DENIED","details":[{"@type":"type.googleapis.com/google.rpc.ErrorInfo","reason":"SERVICE_DISABLED","domain":"googleapis.com","metadata":{"service":"compute.googleapis.com","consumer":"projects/775486679057","serviceTitle":"Compute Engine API","activationUrl":"https://console.developers.google.com/apis/api/compute.googleapis.com/overview?project=775486679057","containerInfo":"775486679057"}},{"@type":"type.googleapis.com/google.rpc.LocalizedMessage","locale":"en-US","message":"Compute Engine API has not been used in project 775486679057 before or it is disabled. Enable it by visiting https://console.developers.google.com/apis/api/compute.googleapis.com/overview?project=775486679057 then retry. If you enabled this API recently, wait a few minutes for the action to propagate to our systems and retry."},{"@type":"type.googleapis.com/google.rpc.Help","links":[{"description":"Google developers console API activation","url":"https://console.developers.google.com/apis/api/compute.googleapis.com/overview?project=775486679057"}]}]}},"response":{"statusCode":403}},"exit":1,"message":"Request to https://compute.googleapis.com/compute/v1/projects/775486679057 had HTTP Error: 403, Compute Engine API has not been used in project 775486679057 before or it is disabled. Enable it by visiting https://console.developers.google.com/apis/api/compute.googleapis.com/overview?project=775486679057 then retry. If you enabled this API recently, wait a few minutes for the action to propagate to our systems and retry.","status":403}
[debug] [2025-07-03T23:32:24.225Z] Checked if tokens are valid: true, expires at: 1751586783610
[debug] [2025-07-03T23:32:24.225Z] Checked if tokens are valid: true, expires at: 1751586783610
[debug] [2025-07-03T23:32:24.225Z] >>> [apiv2][query] GET https://cloudbilling.googleapis.com/v1/projects/forms-bd6c1/billingInfo [none]
[debug] [2025-07-03T23:32:24.414Z] <<< [apiv2][status] GET https://cloudbilling.googleapis.com/v1/projects/forms-bd6c1/billingInfo 200
[debug] [2025-07-03T23:32:24.415Z] <<< [apiv2][body] GET https://cloudbilling.googleapis.com/v1/projects/forms-bd6c1/billingInfo {"name":"projects/forms-bd6c1/billingInfo","projectId":"forms-bd6c1","billingAccountName":"billingAccounts/01631E-B00300-64C317","billingEnabled":true}
[debug] [2025-07-03T23:32:24.416Z] Checked if tokens are valid: true, expires at: 1751586783610
[debug] [2025-07-03T23:32:24.416Z] Checked if tokens are valid: true, expires at: 1751586783610
[debug] [2025-07-03T23:32:24.417Z] >>> [apiv2][query] POST https://cloudfunctions.googleapis.com/v2/projects/forms-bd6c1/locations/us-central1/functions:generateUploadUrl [none]
[debug] [2025-07-03T23:32:24.820Z] <<< [apiv2][status] POST https://cloudfunctions.googleapis.com/v2/projects/forms-bd6c1/locations/us-central1/functions:generateUploadUrl 200
[debug] [2025-07-03T23:32:24.820Z] <<< [apiv2][body] POST https://cloudfunctions.googleapis.com/v2/projects/forms-bd6c1/locations/us-central1/functions:generateUploadUrl {"uploadUrl":"https://storage.googleapis.com/gcf-v2-uploads-775486679057.us-central1.cloudfunctions.appspot.com/01940d7f-905b-43f5-8b25-178daa3709d7.zip?GoogleAccessId=service-775486679057@gcf-admin-robot.iam.gserviceaccount.com&Expires=1751587344&Signature=aWXbCTgmWum%2Bm%2F8nmCTOIofMoyCNrMJzlO0rw2DJ5YhhN28EZBs9DbA2B4Xd0jwqQXOzPPhbj3m1upTTxkvojFXOIqBnZRzi99J8rF14blaESjsYTfofhECMwFt%2Bp7UkcuzNKi30vYOCHClvO8QGdBWlCekHMCbzG8HH7Y7FpGRl5eoZxSccG0TGh72XPf4Y8IYTdT2SwPDQPk7qo0jrHnzJBwqlXmS0SBTatEwMl8ckjB2aF5Mb1OKl4SY9yxMLQJGvB1fHwlya2yMfYIyDOzHV3puBPnM%2BmevugvTK31%2FlDKklS4ZVhvsoJ8S%2Fcg%2FnLNpcVH7lylHBN4dZzPXkfw%3D%3D","storageSource":{"bucket":"gcf-v2-uploads-775486679057.us-central1.cloudfunctions.appspot.com","object":"01940d7f-905b-43f5-8b25-178daa3709d7.zip"}}
[debug] [2025-07-03T23:32:24.821Z] >>> [apiv2][query] PUT https://storage.googleapis.com/gcf-v2-uploads-775486679057.us-central1.cloudfunctions.appspot.com/01940d7f-905b-43f5-8b25-178daa3709d7.zip GoogleAccessId=service-775486679057%40gcf-admin-robot.iam.gserviceaccount.com&Expires=1751587344&Signature=aWXbCTgmWum%2Bm%2F8nmCTOIofMoyCNrMJzlO0rw2DJ5YhhN28EZBs9DbA2B4Xd0jwqQXOzPPhbj3m1upTTxkvojFXOIqBnZRzi99J8rF14blaESjsYTfofhECMwFt%2Bp7UkcuzNKi30vYOCHClvO8QGdBWlCekHMCbzG8HH7Y7FpGRl5eoZxSccG0TGh72XPf4Y8IYTdT2SwPDQPk7qo0jrHnzJBwqlXmS0SBTatEwMl8ckjB2aF5Mb1OKl4SY9yxMLQJGvB1fHwlya2yMfYIyDOzHV3puBPnM%2BmevugvTK31%2FlDKklS4ZVhvsoJ8S%2Fcg%2FnLNpcVH7lylHBN4dZzPXkfw%3D%3D
[debug] [2025-07-03T23:32:24.821Z] >>> [apiv2][body] PUT https://storage.googleapis.com/gcf-v2-uploads-775486679057.us-central1.cloudfunctions.appspot.com/01940d7f-905b-43f5-8b25-178daa3709d7.zip [stream]
[debug] [2025-07-03T23:32:25.136Z] <<< [apiv2][status] PUT https://storage.googleapis.com/gcf-v2-uploads-775486679057.us-central1.cloudfunctions.appspot.com/01940d7f-905b-43f5-8b25-178daa3709d7.zip 200
[debug] [2025-07-03T23:32:25.137Z] <<< [apiv2][body] PUT https://storage.googleapis.com/gcf-v2-uploads-775486679057.us-central1.cloudfunctions.appspot.com/01940d7f-905b-43f5-8b25-178daa3709d7.zip [omitted]
[info] ✔  functions: functions folder uploaded successfully 
[info] i  functions: updating Node.js 18 (2nd Gen) function api(us-central1)... 
[debug] [2025-07-03T23:32:25.142Z] Checked if tokens are valid: true, expires at: 1751586783610
[debug] [2025-07-03T23:32:25.142Z] Checked if tokens are valid: true, expires at: 1751586783610
[debug] [2025-07-03T23:32:25.142Z] >>> [apiv2][query] PATCH https://cloudfunctions.googleapis.com/v2/projects/forms-bd6c1/locations/us-central1/functions/api updateMask=name%2CbuildConfig.runtime%2CbuildConfig.entryPoint%2CbuildConfig.source.storageSource.bucket%2CbuildConfig.source.storageSource.object%2CbuildConfig.environmentVariables%2CbuildConfig.sourceToken%2CserviceConfig.environmentVariables%2CserviceConfig.ingressSettings%2CserviceConfig.timeoutSeconds%2CserviceConfig.serviceAccountEmail%2CserviceConfig.availableMemory%2CserviceConfig.minInstanceCount%2CserviceConfig.maxInstanceCount%2CserviceConfig.maxInstanceRequestConcurrency%2CserviceConfig.availableCpu%2CserviceConfig.vpcConnector%2CserviceConfig.vpcConnectorEgressSettings%2Clabels
[debug] [2025-07-03T23:32:25.142Z] >>> [apiv2][body] PATCH https://cloudfunctions.googleapis.com/v2/projects/forms-bd6c1/locations/us-central1/functions/api {"name":"projects/forms-bd6c1/locations/us-central1/functions/api","buildConfig":{"runtime":"nodejs18","entryPoint":"api","source":{"storageSource":{"bucket":"gcf-v2-uploads-775486679057.us-central1.cloudfunctions.appspot.com","object":"01940d7f-905b-43f5-8b25-178daa3709d7.zip"}},"environmentVariables":{"GOOGLE_NODE_RUN_SCRIPTS":""}},"serviceConfig":{"environmentVariables":{"FIREBASE_CONFIG":"{\"projectId\":\"forms-bd6c1\",\"storageBucket\":\"forms-bd6c1.firebasestorage.app\"}","GCLOUD_PROJECT":"forms-bd6c1","EVENTARC_CLOUD_EVENT_SOURCE":"projects/forms-bd6c1/locations/us-central1/services/api","FUNCTION_TARGET":"api","LOG_EXECUTION_ID":"true"},"ingressSettings":null,"timeoutSeconds":null,"serviceAccountEmail":null,"availableMemory":"256Mi","minInstanceCount":null,"maxInstanceCount":null,"maxInstanceRequestConcurrency":80,"availableCpu":"1","vpcConnector":null,"vpcConnectorEgressSettings":null},"labels":{"deployment-tool":"cli-firebase","firebase-functions-hash":"c73b384334deff85b32f2508e0cbbb80af1c809a"}}
[debug] [2025-07-03T23:32:26.073Z] <<< [apiv2][status] PATCH https://cloudfunctions.googleapis.com/v2/projects/forms-bd6c1/locations/us-central1/functions/api 200
[debug] [2025-07-03T23:32:26.074Z] <<< [apiv2][body] PATCH https://cloudfunctions.googleapis.com/v2/projects/forms-bd6c1/locations/us-central1/functions/api {"name":"projects/forms-bd6c1/locations/us-central1/operations/operation-1751585545424-6390eca3a8ee9-b78c3354-5cf0d74b","metadata":{"@type":"type.googleapis.com/google.cloud.functions.v2.OperationMetadata","createTime":"2025-07-03T23:32:26.074220451Z","target":"projects/forms-bd6c1/locations/us-central1/functions/api","verb":"update","cancelRequested":false,"apiVersion":"v2"},"done":false}
[debug] [2025-07-03T23:32:26.075Z] Checked if tokens are valid: true, expires at: 1751586783610
[debug] [2025-07-03T23:32:26.075Z] Checked if tokens are valid: true, expires at: 1751586783610
[debug] [2025-07-03T23:32:26.075Z] >>> [apiv2][query] GET https://cloudfunctions.googleapis.com/v2/projects/forms-bd6c1/locations/us-central1/operations/operation-1751585545424-6390eca3a8ee9-b78c3354-5cf0d74b [none]
[debug] [2025-07-03T23:32:26.389Z] <<< [apiv2][status] GET https://cloudfunctions.googleapis.com/v2/projects/forms-bd6c1/locations/us-central1/operations/operation-1751585545424-6390eca3a8ee9-b78c3354-5cf0d74b 200
[debug] [2025-07-03T23:32:26.389Z] <<< [apiv2][body] GET https://cloudfunctions.googleapis.com/v2/projects/forms-bd6c1/locations/us-central1/operations/operation-1751585545424-6390eca3a8ee9-b78c3354-5cf0d74b {"name":"projects/forms-bd6c1/locations/us-central1/operations/operation-1751585545424-6390eca3a8ee9-b78c3354-5cf0d74b","metadata":{"@type":"type.googleapis.com/google.cloud.functions.v2.OperationMetadata","createTime":"2025-07-03T23:32:26.074220451Z","target":"projects/forms-bd6c1/locations/us-central1/functions/api","verb":"update","cancelRequested":false,"apiVersion":"v2","requestResource":{"@type":"type.googleapis.com/google.cloud.functions.v2.Function","name":"projects/forms-bd6c1/locations/us-central1/functions/api","buildConfig":{"runtime":"nodejs18","entryPoint":"api","source":{"storageSource":{"bucket":"gcf-v2-sources-775486679057-us-central1","object":"api/function-source.zip","generation":"1751585546025820"}},"environmentVariables":{"GOOGLE_NODE_RUN_SCRIPTS":""},"dockerRepository":"projects/forms-bd6c1/locations/us-central1/repositories/gcf-artifacts","serviceAccount":"projects/forms-bd6c1/serviceAccounts/775486679057-compute@developer.gserviceaccount.com","automaticUpdatePolicy":{}},"serviceConfig":{"service":"projects/forms-bd6c1/locations/us-central1/services/api","timeoutSeconds":60,"environmentVariables":{"FIREBASE_CONFIG":"{\"projectId\":\"forms-bd6c1\",\"storageBucket\":\"forms-bd6c1.firebasestorage.app\"}","GCLOUD_PROJECT":"forms-bd6c1","EVENTARC_CLOUD_EVENT_SOURCE":"projects/forms-bd6c1/locations/us-central1/services/api","FUNCTION_TARGET":"api","LOG_EXECUTION_ID":"true"},"ingressSettings":"ALLOW_ALL","serviceAccountEmail":"775486679057-compute@developer.gserviceaccount.com","availableMemory":"256Mi","allTrafficOnLatestRevision":true,"revision":"api-00003-nup","maxInstanceRequestConcurrency":80,"availableCpu":"1"},"state":"ACTIVE","labels":{"deployment-tool":"cloudfunctions","firebase-functions-hash":"c73b384334deff85b32f2508e0cbbb80af1c809a"},"environment":"GEN_2","url":"https://us-central1-forms-bd6c1.cloudfunctions.net/api","satisfiesPzi":true},"stages":[{"name":"BUILD","state":"NOT_STARTED","stateMessages":[{"severity":"WARNING","type":"BuildAnalysisWarning","message":"Node.js 18 is no longer supported by the Node.js community as of 30 April, 2025. Runtime nodejs18 is currently deprecated for Cloud Functions. We recommend you to upgrade to the latest version of Node.js as soon as possible."}]},{"name":"SERVICE","state":"NOT_STARTED"}],"operationType":"UPDATE_FUNCTION"},"done":false}
[debug] [2025-07-03T23:32:26.891Z] [update-default-us-central1-api] Retrying task index 0
[debug] [2025-07-03T23:32:26.891Z] Checked if tokens are valid: true, expires at: 1751586783610
[debug] [2025-07-03T23:32:26.891Z] Checked if tokens are valid: true, expires at: 1751586783610
[debug] [2025-07-03T23:32:26.892Z] >>> [apiv2][query] GET https://cloudfunctions.googleapis.com/v2/projects/forms-bd6c1/locations/us-central1/operations/operation-1751585545424-6390eca3a8ee9-b78c3354-5cf0d74b [none]
[debug] [2025-07-03T23:32:27.234Z] <<< [apiv2][status] GET https://cloudfunctions.googleapis.com/v2/projects/forms-bd6c1/locations/us-central1/operations/operation-1751585545424-6390eca3a8ee9-b78c3354-5cf0d74b 200
[debug] [2025-07-03T23:32:27.234Z] <<< [apiv2][body] GET https://cloudfunctions.googleapis.com/v2/projects/forms-bd6c1/locations/us-central1/operations/operation-1751585545424-6390eca3a8ee9-b78c3354-5cf0d74b {"name":"projects/forms-bd6c1/locations/us-central1/operations/operation-1751585545424-6390eca3a8ee9-b78c3354-5cf0d74b","metadata":{"@type":"type.googleapis.com/google.cloud.functions.v2.OperationMetadata","createTime":"2025-07-03T23:32:26.074220451Z","target":"projects/forms-bd6c1/locations/us-central1/functions/api","verb":"update","cancelRequested":false,"apiVersion":"v2","requestResource":{"@type":"type.googleapis.com/google.cloud.functions.v2.Function","name":"projects/forms-bd6c1/locations/us-central1/functions/api","buildConfig":{"runtime":"nodejs18","entryPoint":"api","source":{"storageSource":{"bucket":"gcf-v2-sources-775486679057-us-central1","object":"api/function-source.zip","generation":"1751585546025820"}},"environmentVariables":{"GOOGLE_NODE_RUN_SCRIPTS":""},"dockerRepository":"projects/forms-bd6c1/locations/us-central1/repositories/gcf-artifacts","serviceAccount":"projects/forms-bd6c1/serviceAccounts/775486679057-compute@developer.gserviceaccount.com","automaticUpdatePolicy":{}},"serviceConfig":{"service":"projects/forms-bd6c1/locations/us-central1/services/api","timeoutSeconds":60,"environmentVariables":{"FIREBASE_CONFIG":"{\"projectId\":\"forms-bd6c1\",\"storageBucket\":\"forms-bd6c1.firebasestorage.app\"}","GCLOUD_PROJECT":"forms-bd6c1","EVENTARC_CLOUD_EVENT_SOURCE":"projects/forms-bd6c1/locations/us-central1/services/api","FUNCTION_TARGET":"api","LOG_EXECUTION_ID":"true"},"ingressSettings":"ALLOW_ALL","serviceAccountEmail":"775486679057-compute@developer.gserviceaccount.com","availableMemory":"256Mi","allTrafficOnLatestRevision":true,"revision":"api-00003-nup","maxInstanceRequestConcurrency":80,"availableCpu":"1"},"state":"ACTIVE","labels":{"deployment-tool":"cloudfunctions","firebase-functions-hash":"c73b384334deff85b32f2508e0cbbb80af1c809a"},"environment":"GEN_2","url":"https://us-central1-forms-bd6c1.cloudfunctions.net/api","satisfiesPzi":true},"stages":[{"name":"BUILD","message":"Build in progress","state":"IN_PROGRESS","resource":"projects/775486679057/locations/us-central1/builds/e6115526-a7fd-473f-b096-54775df5ad45","resourceUri":"https://console.cloud.google.com/cloud-build/builds;region=us-central1/e6115526-a7fd-473f-b096-54775df5ad45?project=775486679057"},{"name":"SERVICE","state":"NOT_STARTED"}],"operationType":"UPDATE_FUNCTION","buildName":"projects/775486679057/locations/us-central1/builds/e6115526-a7fd-473f-b096-54775df5ad45"},"done":false}
[debug] [2025-07-03T23:32:28.235Z] [update-default-us-central1-api] Retrying task index 0
[debug] [2025-07-03T23:32:28.236Z] Checked if tokens are valid: true, expires at: 1751586783610
[debug] [2025-07-03T23:32:28.236Z] Checked if tokens are valid: true, expires at: 1751586783610
[debug] [2025-07-03T23:32:28.236Z] >>> [apiv2][query] GET https://cloudfunctions.googleapis.com/v2/projects/forms-bd6c1/locations/us-central1/operations/operation-1751585545424-6390eca3a8ee9-b78c3354-5cf0d74b [none]
[debug] [2025-07-03T23:32:28.494Z] <<< [apiv2][status] GET https://cloudfunctions.googleapis.com/v2/projects/forms-bd6c1/locations/us-central1/operations/operation-1751585545424-6390eca3a8ee9-b78c3354-5cf0d74b 200
[debug] [2025-07-03T23:32:28.494Z] <<< [apiv2][body] GET https://cloudfunctions.googleapis.com/v2/projects/forms-bd6c1/locations/us-central1/operations/operation-1751585545424-6390eca3a8ee9-b78c3354-5cf0d74b {"name":"projects/forms-bd6c1/locations/us-central1/operations/operation-1751585545424-6390eca3a8ee9-b78c3354-5cf0d74b","metadata":{"@type":"type.googleapis.com/google.cloud.functions.v2.OperationMetadata","createTime":"2025-07-03T23:32:26.074220451Z","target":"projects/forms-bd6c1/locations/us-central1/functions/api","verb":"update","cancelRequested":false,"apiVersion":"v2","requestResource":{"@type":"type.googleapis.com/google.cloud.functions.v2.Function","name":"projects/forms-bd6c1/locations/us-central1/functions/api","buildConfig":{"runtime":"nodejs18","entryPoint":"api","source":{"storageSource":{"bucket":"gcf-v2-sources-775486679057-us-central1","object":"api/function-source.zip","generation":"1751585546025820"}},"environmentVariables":{"GOOGLE_NODE_RUN_SCRIPTS":""},"dockerRepository":"projects/forms-bd6c1/locations/us-central1/repositories/gcf-artifacts","serviceAccount":"projects/forms-bd6c1/serviceAccounts/775486679057-compute@developer.gserviceaccount.com","automaticUpdatePolicy":{}},"serviceConfig":{"service":"projects/forms-bd6c1/locations/us-central1/services/api","timeoutSeconds":60,"environmentVariables":{"FIREBASE_CONFIG":"{\"projectId\":\"forms-bd6c1\",\"storageBucket\":\"forms-bd6c1.firebasestorage.app\"}","GCLOUD_PROJECT":"forms-bd6c1","EVENTARC_CLOUD_EVENT_SOURCE":"projects/forms-bd6c1/locations/us-central1/services/api","FUNCTION_TARGET":"api","LOG_EXECUTION_ID":"true"},"ingressSettings":"ALLOW_ALL","serviceAccountEmail":"775486679057-compute@developer.gserviceaccount.com","availableMemory":"256Mi","allTrafficOnLatestRevision":true,"revision":"api-00003-nup","maxInstanceRequestConcurrency":80,"availableCpu":"1"},"state":"ACTIVE","labels":{"deployment-tool":"cloudfunctions","firebase-functions-hash":"c73b384334deff85b32f2508e0cbbb80af1c809a"},"environment":"GEN_2","url":"https://us-central1-forms-bd6c1.cloudfunctions.net/api","satisfiesPzi":true},"stages":[{"name":"BUILD","message":"Build in progress","state":"IN_PROGRESS","resource":"projects/775486679057/locations/us-central1/builds/e6115526-a7fd-473f-b096-54775df5ad45","resourceUri":"https://console.cloud.google.com/cloud-build/builds;region=us-central1/e6115526-a7fd-473f-b096-54775df5ad45?project=775486679057"},{"name":"SERVICE","state":"NOT_STARTED"}],"operationType":"UPDATE_FUNCTION","buildName":"projects/775486679057/locations/us-central1/builds/e6115526-a7fd-473f-b096-54775df5ad45"},"done":false}
[debug] [2025-07-03T23:32:30.495Z] [update-default-us-central1-api] Retrying task index 0
[debug] [2025-07-03T23:32:30.495Z] Checked if tokens are valid: true, expires at: 1751586783610
[debug] [2025-07-03T23:32:30.495Z] Checked if tokens are valid: true, expires at: 1751586783610
[debug] [2025-07-03T23:32:30.496Z] >>> [apiv2][query] GET https://cloudfunctions.googleapis.com/v2/projects/forms-bd6c1/locations/us-central1/operations/operation-1751585545424-6390eca3a8ee9-b78c3354-5cf0d74b [none]
[debug] [2025-07-03T23:32:30.758Z] <<< [apiv2][status] GET https://cloudfunctions.googleapis.com/v2/projects/forms-bd6c1/locations/us-central1/operations/operation-1751585545424-6390eca3a8ee9-b78c3354-5cf0d74b 200
[debug] [2025-07-03T23:32:30.758Z] <<< [apiv2][body] GET https://cloudfunctions.googleapis.com/v2/projects/forms-bd6c1/locations/us-central1/operations/operation-1751585545424-6390eca3a8ee9-b78c3354-5cf0d74b {"name":"projects/forms-bd6c1/locations/us-central1/operations/operation-1751585545424-6390eca3a8ee9-b78c3354-5cf0d74b","metadata":{"@type":"type.googleapis.com/google.cloud.functions.v2.OperationMetadata","createTime":"2025-07-03T23:32:26.074220451Z","target":"projects/forms-bd6c1/locations/us-central1/functions/api","verb":"update","cancelRequested":false,"apiVersion":"v2","requestResource":{"@type":"type.googleapis.com/google.cloud.functions.v2.Function","name":"projects/forms-bd6c1/locations/us-central1/functions/api","buildConfig":{"runtime":"nodejs18","entryPoint":"api","source":{"storageSource":{"bucket":"gcf-v2-sources-775486679057-us-central1","object":"api/function-source.zip","generation":"1751585546025820"}},"environmentVariables":{"GOOGLE_NODE_RUN_SCRIPTS":""},"dockerRepository":"projects/forms-bd6c1/locations/us-central1/repositories/gcf-artifacts","serviceAccount":"projects/forms-bd6c1/serviceAccounts/775486679057-compute@developer.gserviceaccount.com","automaticUpdatePolicy":{}},"serviceConfig":{"service":"projects/forms-bd6c1/locations/us-central1/services/api","timeoutSeconds":60,"environmentVariables":{"FIREBASE_CONFIG":"{\"projectId\":\"forms-bd6c1\",\"storageBucket\":\"forms-bd6c1.firebasestorage.app\"}","GCLOUD_PROJECT":"forms-bd6c1","EVENTARC_CLOUD_EVENT_SOURCE":"projects/forms-bd6c1/locations/us-central1/services/api","FUNCTION_TARGET":"api","LOG_EXECUTION_ID":"true"},"ingressSettings":"ALLOW_ALL","serviceAccountEmail":"775486679057-compute@developer.gserviceaccount.com","availableMemory":"256Mi","allTrafficOnLatestRevision":true,"revision":"api-00003-nup","maxInstanceRequestConcurrency":80,"availableCpu":"1"},"state":"ACTIVE","labels":{"deployment-tool":"cloudfunctions","firebase-functions-hash":"c73b384334deff85b32f2508e0cbbb80af1c809a"},"environment":"GEN_2","url":"https://us-central1-forms-bd6c1.cloudfunctions.net/api","satisfiesPzi":true},"stages":[{"name":"BUILD","message":"Build in progress","state":"IN_PROGRESS","resource":"projects/775486679057/locations/us-central1/builds/e6115526-a7fd-473f-b096-54775df5ad45","resourceUri":"https://console.cloud.google.com/cloud-build/builds;region=us-central1/e6115526-a7fd-473f-b096-54775df5ad45?project=775486679057"},{"name":"SERVICE","state":"NOT_STARTED"}],"operationType":"UPDATE_FUNCTION","buildName":"projects/775486679057/locations/us-central1/builds/e6115526-a7fd-473f-b096-54775df5ad45"},"done":false}
[debug] [2025-07-03T23:32:34.761Z] [update-default-us-central1-api] Retrying task index 0
[debug] [2025-07-03T23:32:34.763Z] Checked if tokens are valid: true, expires at: 1751586783610
[debug] [2025-07-03T23:32:34.763Z] Checked if tokens are valid: true, expires at: 1751586783610
[debug] [2025-07-03T23:32:34.763Z] >>> [apiv2][query] GET https://cloudfunctions.googleapis.com/v2/projects/forms-bd6c1/locations/us-central1/operations/operation-1751585545424-6390eca3a8ee9-b78c3354-5cf0d74b [none]
[debug] [2025-07-03T23:32:35.076Z] <<< [apiv2][status] GET https://cloudfunctions.googleapis.com/v2/projects/forms-bd6c1/locations/us-central1/operations/operation-1751585545424-6390eca3a8ee9-b78c3354-5cf0d74b 200
[debug] [2025-07-03T23:32:35.077Z] <<< [apiv2][body] GET https://cloudfunctions.googleapis.com/v2/projects/forms-bd6c1/locations/us-central1/operations/operation-1751585545424-6390eca3a8ee9-b78c3354-5cf0d74b {"name":"projects/forms-bd6c1/locations/us-central1/operations/operation-1751585545424-6390eca3a8ee9-b78c3354-5cf0d74b","metadata":{"@type":"type.googleapis.com/google.cloud.functions.v2.OperationMetadata","createTime":"2025-07-03T23:32:26.074220451Z","target":"projects/forms-bd6c1/locations/us-central1/functions/api","verb":"update","cancelRequested":false,"apiVersion":"v2","requestResource":{"@type":"type.googleapis.com/google.cloud.functions.v2.Function","name":"projects/forms-bd6c1/locations/us-central1/functions/api","buildConfig":{"runtime":"nodejs18","entryPoint":"api","source":{"storageSource":{"bucket":"gcf-v2-sources-775486679057-us-central1","object":"api/function-source.zip","generation":"1751585546025820"}},"environmentVariables":{"GOOGLE_NODE_RUN_SCRIPTS":""},"dockerRepository":"projects/forms-bd6c1/locations/us-central1/repositories/gcf-artifacts","serviceAccount":"projects/forms-bd6c1/serviceAccounts/775486679057-compute@developer.gserviceaccount.com","automaticUpdatePolicy":{}},"serviceConfig":{"service":"projects/forms-bd6c1/locations/us-central1/services/api","timeoutSeconds":60,"environmentVariables":{"FIREBASE_CONFIG":"{\"projectId\":\"forms-bd6c1\",\"storageBucket\":\"forms-bd6c1.firebasestorage.app\"}","GCLOUD_PROJECT":"forms-bd6c1","EVENTARC_CLOUD_EVENT_SOURCE":"projects/forms-bd6c1/locations/us-central1/services/api","FUNCTION_TARGET":"api","LOG_EXECUTION_ID":"true"},"ingressSettings":"ALLOW_ALL","serviceAccountEmail":"775486679057-compute@developer.gserviceaccount.com","availableMemory":"256Mi","allTrafficOnLatestRevision":true,"revision":"api-00003-nup","maxInstanceRequestConcurrency":80,"availableCpu":"1"},"state":"ACTIVE","labels":{"deployment-tool":"cloudfunctions","firebase-functions-hash":"c73b384334deff85b32f2508e0cbbb80af1c809a"},"environment":"GEN_2","url":"https://us-central1-forms-bd6c1.cloudfunctions.net/api","satisfiesPzi":true},"stages":[{"name":"BUILD","message":"Build in progress","state":"IN_PROGRESS","resource":"projects/775486679057/locations/us-central1/builds/e6115526-a7fd-473f-b096-54775df5ad45","resourceUri":"https://console.cloud.google.com/cloud-build/builds;region=us-central1/e6115526-a7fd-473f-b096-54775df5ad45?project=775486679057"},{"name":"SERVICE","state":"NOT_STARTED"}],"operationType":"UPDATE_FUNCTION","buildName":"projects/775486679057/locations/us-central1/builds/e6115526-a7fd-473f-b096-54775df5ad45"},"done":false}
[debug] [2025-07-03T23:32:43.079Z] [update-default-us-central1-api] Retrying task index 0
[debug] [2025-07-03T23:32:43.079Z] Checked if tokens are valid: true, expires at: 1751586783610
[debug] [2025-07-03T23:32:43.079Z] Checked if tokens are valid: true, expires at: 1751586783610
[debug] [2025-07-03T23:32:43.079Z] >>> [apiv2][query] GET https://cloudfunctions.googleapis.com/v2/projects/forms-bd6c1/locations/us-central1/operations/operation-1751585545424-6390eca3a8ee9-b78c3354-5cf0d74b [none]
[debug] [2025-07-03T23:32:43.423Z] <<< [apiv2][status] GET https://cloudfunctions.googleapis.com/v2/projects/forms-bd6c1/locations/us-central1/operations/operation-1751585545424-6390eca3a8ee9-b78c3354-5cf0d74b 200
[debug] [2025-07-03T23:32:43.423Z] <<< [apiv2][body] GET https://cloudfunctions.googleapis.com/v2/projects/forms-bd6c1/locations/us-central1/operations/operation-1751585545424-6390eca3a8ee9-b78c3354-5cf0d74b {"name":"projects/forms-bd6c1/locations/us-central1/operations/operation-1751585545424-6390eca3a8ee9-b78c3354-5cf0d74b","metadata":{"@type":"type.googleapis.com/google.cloud.functions.v2.OperationMetadata","createTime":"2025-07-03T23:32:26.074220451Z","target":"projects/forms-bd6c1/locations/us-central1/functions/api","verb":"update","cancelRequested":false,"apiVersion":"v2","requestResource":{"@type":"type.googleapis.com/google.cloud.functions.v2.Function","name":"projects/forms-bd6c1/locations/us-central1/functions/api","buildConfig":{"runtime":"nodejs18","entryPoint":"api","source":{"storageSource":{"bucket":"gcf-v2-sources-775486679057-us-central1","object":"api/function-source.zip","generation":"1751585546025820"}},"environmentVariables":{"GOOGLE_NODE_RUN_SCRIPTS":""},"dockerRepository":"projects/forms-bd6c1/locations/us-central1/repositories/gcf-artifacts","serviceAccount":"projects/forms-bd6c1/serviceAccounts/775486679057-compute@developer.gserviceaccount.com","automaticUpdatePolicy":{}},"serviceConfig":{"service":"projects/forms-bd6c1/locations/us-central1/services/api","timeoutSeconds":60,"environmentVariables":{"FIREBASE_CONFIG":"{\"projectId\":\"forms-bd6c1\",\"storageBucket\":\"forms-bd6c1.firebasestorage.app\"}","GCLOUD_PROJECT":"forms-bd6c1","EVENTARC_CLOUD_EVENT_SOURCE":"projects/forms-bd6c1/locations/us-central1/services/api","FUNCTION_TARGET":"api","LOG_EXECUTION_ID":"true"},"ingressSettings":"ALLOW_ALL","serviceAccountEmail":"775486679057-compute@developer.gserviceaccount.com","availableMemory":"256Mi","allTrafficOnLatestRevision":true,"revision":"api-00003-nup","maxInstanceRequestConcurrency":80,"availableCpu":"1"},"state":"ACTIVE","labels":{"deployment-tool":"cloudfunctions","firebase-functions-hash":"c73b384334deff85b32f2508e0cbbb80af1c809a"},"environment":"GEN_2","url":"https://us-central1-forms-bd6c1.cloudfunctions.net/api","satisfiesPzi":true},"stages":[{"name":"BUILD","message":"Build in progress","state":"IN_PROGRESS","resource":"projects/775486679057/locations/us-central1/builds/e6115526-a7fd-473f-b096-54775df5ad45","resourceUri":"https://console.cloud.google.com/cloud-build/builds;region=us-central1/e6115526-a7fd-473f-b096-54775df5ad45?project=775486679057"},{"name":"SERVICE","state":"NOT_STARTED"}],"operationType":"UPDATE_FUNCTION","buildName":"projects/775486679057/locations/us-central1/builds/e6115526-a7fd-473f-b096-54775df5ad45"},"done":false}
[debug] [2025-07-03T23:32:53.425Z] [update-default-us-central1-api] Retrying task index 0
[debug] [2025-07-03T23:32:53.426Z] Checked if tokens are valid: true, expires at: 1751586783610
[debug] [2025-07-03T23:32:53.426Z] Checked if tokens are valid: true, expires at: 1751586783610
[debug] [2025-07-03T23:32:53.427Z] >>> [apiv2][query] GET https://cloudfunctions.googleapis.com/v2/projects/forms-bd6c1/locations/us-central1/operations/operation-1751585545424-6390eca3a8ee9-b78c3354-5cf0d74b [none]
[debug] [2025-07-03T23:32:53.760Z] <<< [apiv2][status] GET https://cloudfunctions.googleapis.com/v2/projects/forms-bd6c1/locations/us-central1/operations/operation-1751585545424-6390eca3a8ee9-b78c3354-5cf0d74b 200
[debug] [2025-07-03T23:32:53.760Z] <<< [apiv2][body] GET https://cloudfunctions.googleapis.com/v2/projects/forms-bd6c1/locations/us-central1/operations/operation-1751585545424-6390eca3a8ee9-b78c3354-5cf0d74b {"name":"projects/forms-bd6c1/locations/us-central1/operations/operation-1751585545424-6390eca3a8ee9-b78c3354-5cf0d74b","metadata":{"@type":"type.googleapis.com/google.cloud.functions.v2.OperationMetadata","createTime":"2025-07-03T23:32:26.074220451Z","target":"projects/forms-bd6c1/locations/us-central1/functions/api","verb":"update","cancelRequested":false,"apiVersion":"v2","requestResource":{"@type":"type.googleapis.com/google.cloud.functions.v2.Function","name":"projects/forms-bd6c1/locations/us-central1/functions/api","buildConfig":{"runtime":"nodejs18","entryPoint":"api","source":{"storageSource":{"bucket":"gcf-v2-sources-775486679057-us-central1","object":"api/function-source.zip","generation":"1751585546025820"}},"environmentVariables":{"GOOGLE_NODE_RUN_SCRIPTS":""},"dockerRepository":"projects/forms-bd6c1/locations/us-central1/repositories/gcf-artifacts","serviceAccount":"projects/forms-bd6c1/serviceAccounts/775486679057-compute@developer.gserviceaccount.com","automaticUpdatePolicy":{}},"serviceConfig":{"service":"projects/forms-bd6c1/locations/us-central1/services/api","timeoutSeconds":60,"environmentVariables":{"FIREBASE_CONFIG":"{\"projectId\":\"forms-bd6c1\",\"storageBucket\":\"forms-bd6c1.firebasestorage.app\"}","GCLOUD_PROJECT":"forms-bd6c1","EVENTARC_CLOUD_EVENT_SOURCE":"projects/forms-bd6c1/locations/us-central1/services/api","FUNCTION_TARGET":"api","LOG_EXECUTION_ID":"true"},"ingressSettings":"ALLOW_ALL","serviceAccountEmail":"775486679057-compute@developer.gserviceaccount.com","availableMemory":"256Mi","allTrafficOnLatestRevision":true,"revision":"api-00003-nup","maxInstanceRequestConcurrency":80,"availableCpu":"1"},"state":"ACTIVE","labels":{"deployment-tool":"cloudfunctions","firebase-functions-hash":"c73b384334deff85b32f2508e0cbbb80af1c809a"},"environment":"GEN_2","url":"https://us-central1-forms-bd6c1.cloudfunctions.net/api","satisfiesPzi":true},"stages":[{"name":"BUILD","message":"Build in progress","state":"IN_PROGRESS","resource":"projects/775486679057/locations/us-central1/builds/e6115526-a7fd-473f-b096-54775df5ad45","resourceUri":"https://console.cloud.google.com/cloud-build/builds;region=us-central1/e6115526-a7fd-473f-b096-54775df5ad45?project=775486679057"},{"name":"SERVICE","state":"NOT_STARTED"}],"operationType":"UPDATE_FUNCTION","buildName":"projects/775486679057/locations/us-central1/builds/e6115526-a7fd-473f-b096-54775df5ad45"},"done":false}
[debug] [2025-07-03T23:33:03.765Z] [update-default-us-central1-api] Retrying task index 0
[debug] [2025-07-03T23:33:03.765Z] Checked if tokens are valid: true, expires at: 1751586783610
[debug] [2025-07-03T23:33:03.765Z] Checked if tokens are valid: true, expires at: 1751586783610
[debug] [2025-07-03T23:33:03.765Z] >>> [apiv2][query] GET https://cloudfunctions.googleapis.com/v2/projects/forms-bd6c1/locations/us-central1/operations/operation-1751585545424-6390eca3a8ee9-b78c3354-5cf0d74b [none]
[debug] [2025-07-03T23:33:04.119Z] <<< [apiv2][status] GET https://cloudfunctions.googleapis.com/v2/projects/forms-bd6c1/locations/us-central1/operations/operation-1751585545424-6390eca3a8ee9-b78c3354-5cf0d74b 200
[debug] [2025-07-03T23:33:04.119Z] <<< [apiv2][body] GET https://cloudfunctions.googleapis.com/v2/projects/forms-bd6c1/locations/us-central1/operations/operation-1751585545424-6390eca3a8ee9-b78c3354-5cf0d74b {"name":"projects/forms-bd6c1/locations/us-central1/operations/operation-1751585545424-6390eca3a8ee9-b78c3354-5cf0d74b","metadata":{"@type":"type.googleapis.com/google.cloud.functions.v2.OperationMetadata","createTime":"2025-07-03T23:32:26.074220451Z","target":"projects/forms-bd6c1/locations/us-central1/functions/api","verb":"update","cancelRequested":false,"apiVersion":"v2","requestResource":{"@type":"type.googleapis.com/google.cloud.functions.v2.Function","name":"projects/forms-bd6c1/locations/us-central1/functions/api","buildConfig":{"runtime":"nodejs18","entryPoint":"api","source":{"storageSource":{"bucket":"gcf-v2-sources-775486679057-us-central1","object":"api/function-source.zip","generation":"1751585546025820"}},"environmentVariables":{"GOOGLE_NODE_RUN_SCRIPTS":""},"dockerRepository":"projects/forms-bd6c1/locations/us-central1/repositories/gcf-artifacts","serviceAccount":"projects/forms-bd6c1/serviceAccounts/775486679057-compute@developer.gserviceaccount.com","automaticUpdatePolicy":{}},"serviceConfig":{"service":"projects/forms-bd6c1/locations/us-central1/services/api","timeoutSeconds":60,"environmentVariables":{"FIREBASE_CONFIG":"{\"projectId\":\"forms-bd6c1\",\"storageBucket\":\"forms-bd6c1.firebasestorage.app\"}","GCLOUD_PROJECT":"forms-bd6c1","EVENTARC_CLOUD_EVENT_SOURCE":"projects/forms-bd6c1/locations/us-central1/services/api","FUNCTION_TARGET":"api","LOG_EXECUTION_ID":"true"},"ingressSettings":"ALLOW_ALL","serviceAccountEmail":"775486679057-compute@developer.gserviceaccount.com","availableMemory":"256Mi","allTrafficOnLatestRevision":true,"revision":"api-00003-nup","maxInstanceRequestConcurrency":80,"availableCpu":"1"},"state":"ACTIVE","labels":{"deployment-tool":"cloudfunctions","firebase-functions-hash":"c73b384334deff85b32f2508e0cbbb80af1c809a"},"environment":"GEN_2","url":"https://us-central1-forms-bd6c1.cloudfunctions.net/api","satisfiesPzi":true},"stages":[{"name":"BUILD","message":"Build in progress","state":"IN_PROGRESS","resource":"projects/775486679057/locations/us-central1/builds/e6115526-a7fd-473f-b096-54775df5ad45","resourceUri":"https://console.cloud.google.com/cloud-build/builds;region=us-central1/e6115526-a7fd-473f-b096-54775df5ad45?project=775486679057"},{"name":"SERVICE","state":"NOT_STARTED"}],"operationType":"UPDATE_FUNCTION","buildName":"projects/775486679057/locations/us-central1/builds/e6115526-a7fd-473f-b096-54775df5ad45"},"done":false}
[debug] [2025-07-03T23:33:14.121Z] [update-default-us-central1-api] Retrying task index 0
[debug] [2025-07-03T23:33:14.123Z] Checked if tokens are valid: true, expires at: 1751586783610
[debug] [2025-07-03T23:33:14.123Z] Checked if tokens are valid: true, expires at: 1751586783610
[debug] [2025-07-03T23:33:14.124Z] >>> [apiv2][query] GET https://cloudfunctions.googleapis.com/v2/projects/forms-bd6c1/locations/us-central1/operations/operation-1751585545424-6390eca3a8ee9-b78c3354-5cf0d74b [none]
[debug] [2025-07-03T23:33:14.452Z] <<< [apiv2][status] GET https://cloudfunctions.googleapis.com/v2/projects/forms-bd6c1/locations/us-central1/operations/operation-1751585545424-6390eca3a8ee9-b78c3354-5cf0d74b 200
[debug] [2025-07-03T23:33:14.453Z] <<< [apiv2][body] GET https://cloudfunctions.googleapis.com/v2/projects/forms-bd6c1/locations/us-central1/operations/operation-1751585545424-6390eca3a8ee9-b78c3354-5cf0d74b {"name":"projects/forms-bd6c1/locations/us-central1/operations/operation-1751585545424-6390eca3a8ee9-b78c3354-5cf0d74b","metadata":{"@type":"type.googleapis.com/google.cloud.functions.v2.OperationMetadata","createTime":"2025-07-03T23:32:26.074220451Z","target":"projects/forms-bd6c1/locations/us-central1/functions/api","verb":"update","cancelRequested":false,"apiVersion":"v2","requestResource":{"@type":"type.googleapis.com/google.cloud.functions.v2.Function","name":"projects/forms-bd6c1/locations/us-central1/functions/api","buildConfig":{"runtime":"nodejs18","entryPoint":"api","source":{"storageSource":{"bucket":"gcf-v2-sources-775486679057-us-central1","object":"api/function-source.zip","generation":"1751585546025820"}},"environmentVariables":{"GOOGLE_NODE_RUN_SCRIPTS":""},"dockerRepository":"projects/forms-bd6c1/locations/us-central1/repositories/gcf-artifacts","serviceAccount":"projects/forms-bd6c1/serviceAccounts/775486679057-compute@developer.gserviceaccount.com","automaticUpdatePolicy":{}},"serviceConfig":{"service":"projects/forms-bd6c1/locations/us-central1/services/api","timeoutSeconds":60,"environmentVariables":{"FIREBASE_CONFIG":"{\"projectId\":\"forms-bd6c1\",\"storageBucket\":\"forms-bd6c1.firebasestorage.app\"}","GCLOUD_PROJECT":"forms-bd6c1","EVENTARC_CLOUD_EVENT_SOURCE":"projects/forms-bd6c1/locations/us-central1/services/api","FUNCTION_TARGET":"api","LOG_EXECUTION_ID":"true"},"ingressSettings":"ALLOW_ALL","serviceAccountEmail":"775486679057-compute@developer.gserviceaccount.com","availableMemory":"256Mi","allTrafficOnLatestRevision":true,"revision":"api-00003-nup","maxInstanceRequestConcurrency":80,"availableCpu":"1"},"state":"ACTIVE","labels":{"deployment-tool":"cloudfunctions","firebase-functions-hash":"c73b384334deff85b32f2508e0cbbb80af1c809a"},"environment":"GEN_2","url":"https://us-central1-forms-bd6c1.cloudfunctions.net/api","satisfiesPzi":true},"stages":[{"name":"BUILD","message":"Build in progress","state":"IN_PROGRESS","resource":"projects/775486679057/locations/us-central1/builds/e6115526-a7fd-473f-b096-54775df5ad45","resourceUri":"https://console.cloud.google.com/cloud-build/builds;region=us-central1/e6115526-a7fd-473f-b096-54775df5ad45?project=775486679057"},{"name":"SERVICE","state":"NOT_STARTED"}],"operationType":"UPDATE_FUNCTION","buildName":"projects/775486679057/locations/us-central1/builds/e6115526-a7fd-473f-b096-54775df5ad45"},"done":false}
[debug] [2025-07-03T23:33:24.455Z] [update-default-us-central1-api] Retrying task index 0
[debug] [2025-07-03T23:33:24.455Z] Checked if tokens are valid: true, expires at: 1751586783610
[debug] [2025-07-03T23:33:24.456Z] Checked if tokens are valid: true, expires at: 1751586783610
[debug] [2025-07-03T23:33:24.456Z] >>> [apiv2][query] GET https://cloudfunctions.googleapis.com/v2/projects/forms-bd6c1/locations/us-central1/operations/operation-1751585545424-6390eca3a8ee9-b78c3354-5cf0d74b [none]
[debug] [2025-07-03T23:33:24.840Z] <<< [apiv2][status] GET https://cloudfunctions.googleapis.com/v2/projects/forms-bd6c1/locations/us-central1/operations/operation-1751585545424-6390eca3a8ee9-b78c3354-5cf0d74b 200
[debug] [2025-07-03T23:33:24.840Z] <<< [apiv2][body] GET https://cloudfunctions.googleapis.com/v2/projects/forms-bd6c1/locations/us-central1/operations/operation-1751585545424-6390eca3a8ee9-b78c3354-5cf0d74b {"name":"projects/forms-bd6c1/locations/us-central1/operations/operation-1751585545424-6390eca3a8ee9-b78c3354-5cf0d74b","metadata":{"@type":"type.googleapis.com/google.cloud.functions.v2.OperationMetadata","createTime":"2025-07-03T23:32:26.074220451Z","target":"projects/forms-bd6c1/locations/us-central1/functions/api","verb":"update","cancelRequested":false,"apiVersion":"v2","requestResource":{"@type":"type.googleapis.com/google.cloud.functions.v2.Function","name":"projects/forms-bd6c1/locations/us-central1/functions/api","buildConfig":{"runtime":"nodejs18","entryPoint":"api","source":{"storageSource":{"bucket":"gcf-v2-sources-775486679057-us-central1","object":"api/function-source.zip","generation":"1751585546025820"}},"environmentVariables":{"GOOGLE_NODE_RUN_SCRIPTS":""},"dockerRepository":"projects/forms-bd6c1/locations/us-central1/repositories/gcf-artifacts","serviceAccount":"projects/forms-bd6c1/serviceAccounts/775486679057-compute@developer.gserviceaccount.com","automaticUpdatePolicy":{}},"serviceConfig":{"service":"projects/forms-bd6c1/locations/us-central1/services/api","timeoutSeconds":60,"environmentVariables":{"FIREBASE_CONFIG":"{\"projectId\":\"forms-bd6c1\",\"storageBucket\":\"forms-bd6c1.firebasestorage.app\"}","GCLOUD_PROJECT":"forms-bd6c1","EVENTARC_CLOUD_EVENT_SOURCE":"projects/forms-bd6c1/locations/us-central1/services/api","FUNCTION_TARGET":"api","LOG_EXECUTION_ID":"true"},"ingressSettings":"ALLOW_ALL","serviceAccountEmail":"775486679057-compute@developer.gserviceaccount.com","availableMemory":"256Mi","allTrafficOnLatestRevision":true,"revision":"api-00003-nup","maxInstanceRequestConcurrency":80,"availableCpu":"1"},"state":"ACTIVE","labels":{"deployment-tool":"cloudfunctions","firebase-functions-hash":"c73b384334deff85b32f2508e0cbbb80af1c809a"},"environment":"GEN_2","url":"https://us-central1-forms-bd6c1.cloudfunctions.net/api","satisfiesPzi":true},"stages":[{"name":"BUILD","message":"Build in progress","state":"IN_PROGRESS","resource":"projects/775486679057/locations/us-central1/builds/e6115526-a7fd-473f-b096-54775df5ad45","resourceUri":"https://console.cloud.google.com/cloud-build/builds;region=us-central1/e6115526-a7fd-473f-b096-54775df5ad45?project=775486679057"},{"name":"SERVICE","state":"NOT_STARTED"}],"operationType":"UPDATE_FUNCTION","buildName":"projects/775486679057/locations/us-central1/builds/e6115526-a7fd-473f-b096-54775df5ad45"},"done":false}
[debug] [2025-07-03T23:33:34.841Z] [update-default-us-central1-api] Retrying task index 0
[debug] [2025-07-03T23:33:34.841Z] Checked if tokens are valid: true, expires at: 1751586783610
[debug] [2025-07-03T23:33:34.841Z] Checked if tokens are valid: true, expires at: 1751586783610
[debug] [2025-07-03T23:33:34.841Z] >>> [apiv2][query] GET https://cloudfunctions.googleapis.com/v2/projects/forms-bd6c1/locations/us-central1/operations/operation-1751585545424-6390eca3a8ee9-b78c3354-5cf0d74b [none]
[debug] [2025-07-03T23:33:35.192Z] <<< [apiv2][status] GET https://cloudfunctions.googleapis.com/v2/projects/forms-bd6c1/locations/us-central1/operations/operation-1751585545424-6390eca3a8ee9-b78c3354-5cf0d74b 200
[debug] [2025-07-03T23:33:35.193Z] <<< [apiv2][body] GET https://cloudfunctions.googleapis.com/v2/projects/forms-bd6c1/locations/us-central1/operations/operation-1751585545424-6390eca3a8ee9-b78c3354-5cf0d74b {"name":"projects/forms-bd6c1/locations/us-central1/operations/operation-1751585545424-6390eca3a8ee9-b78c3354-5cf0d74b","metadata":{"@type":"type.googleapis.com/google.cloud.functions.v2.OperationMetadata","createTime":"2025-07-03T23:32:26.074220451Z","target":"projects/forms-bd6c1/locations/us-central1/functions/api","verb":"update","cancelRequested":false,"apiVersion":"v2","requestResource":{"@type":"type.googleapis.com/google.cloud.functions.v2.Function","name":"projects/forms-bd6c1/locations/us-central1/functions/api","buildConfig":{"runtime":"nodejs18","entryPoint":"api","source":{"storageSource":{"bucket":"gcf-v2-sources-775486679057-us-central1","object":"api/function-source.zip","generation":"1751585546025820"}},"environmentVariables":{"GOOGLE_NODE_RUN_SCRIPTS":""},"dockerRepository":"projects/forms-bd6c1/locations/us-central1/repositories/gcf-artifacts","serviceAccount":"projects/forms-bd6c1/serviceAccounts/775486679057-compute@developer.gserviceaccount.com","automaticUpdatePolicy":{}},"serviceConfig":{"service":"projects/forms-bd6c1/locations/us-central1/services/api","timeoutSeconds":60,"environmentVariables":{"FIREBASE_CONFIG":"{\"projectId\":\"forms-bd6c1\",\"storageBucket\":\"forms-bd6c1.firebasestorage.app\"}","GCLOUD_PROJECT":"forms-bd6c1","EVENTARC_CLOUD_EVENT_SOURCE":"projects/forms-bd6c1/locations/us-central1/services/api","FUNCTION_TARGET":"api","LOG_EXECUTION_ID":"true"},"ingressSettings":"ALLOW_ALL","serviceAccountEmail":"775486679057-compute@developer.gserviceaccount.com","availableMemory":"256Mi","allTrafficOnLatestRevision":true,"revision":"api-00003-nup","maxInstanceRequestConcurrency":80,"availableCpu":"1"},"state":"ACTIVE","labels":{"deployment-tool":"cloudfunctions","firebase-functions-hash":"c73b384334deff85b32f2508e0cbbb80af1c809a"},"environment":"GEN_2","url":"https://us-central1-forms-bd6c1.cloudfunctions.net/api","satisfiesPzi":true},"stages":[{"name":"BUILD","message":"Build finished","state":"COMPLETE","resource":"projects/775486679057/locations/us-central1/builds/e6115526-a7fd-473f-b096-54775df5ad45","resourceUri":"https://console.cloud.google.com/cloud-build/builds;region=us-central1/e6115526-a7fd-473f-b096-54775df5ad45?project=775486679057"},{"name":"SERVICE","message":"Updating Cloud Run service","state":"IN_PROGRESS","resource":"projects/forms-bd6c1/locations/us-central1/services/api","resourceUri":"https://console.cloud.google.com/run/detail/us-central1/api?project=forms-bd6c1","stateMessages":[{"severity":"INFO","type":"CloudRunServiceNewRevisionTrafficInfo","message":"A new revision will be deployed serving with 100% traffic."}]}],"sourceToken":"Cldwcm9qZWN0cy83NzU0ODY2NzkwNTcvbG9jYXRpb25zL3VzLWNlbnRyYWwxL2J1aWxkcy9lNjExNTUyNi1hN2ZkLTQ3M2YtYjA5Ni01NDc3NWRmNWFkNDUSXnVzLWNlbnRyYWwxLWRvY2tlci5wa2cuZGV2L2Zvcm1zLWJkNmMxL2djZi1hcnRpZmFjdHMvZm9ybXMtLWJkNmMxX191cy0tY2VudHJhbDFfX2FwaTp2ZXJzaW9uXzEYkdDu9MgWIjhwcm9qZWN0cy9mb3Jtcy1iZDZjMS9sb2NhdGlvbnMvdXMtY2VudHJhbDEvZnVuY3Rpb25zL2FwaSoMCMqmnMMGEKiynbUDMghub2RlanMxODp2CiNnY3IuaW8vZ2FlLXJ1bnRpbWVzL25vZGVqczE4OnN0YWJsZRJPdXMtY2VudHJhbDEtZG9ja2VyLnBrZy5kZXYvc2VydmVybGVzcy1ydW50aW1lcy9nb29nbGUtMjItZnVsbC9ydW50aW1lcy9ub2RlanMxOEAB","operationType":"UPDATE_FUNCTION","buildName":"projects/775486679057/locations/us-central1/builds/e6115526-a7fd-473f-b096-54775df5ad45"},"done":false}
[debug] [2025-07-03T23:33:35.193Z] Got source token Cldwcm9qZWN0cy83NzU0ODY2NzkwNTcvbG9jYXRpb25zL3VzLWNlbnRyYWwxL2J1aWxkcy9lNjExNTUyNi1hN2ZkLTQ3M2YtYjA5Ni01NDc3NWRmNWFkNDUSXnVzLWNlbnRyYWwxLWRvY2tlci5wa2cuZGV2L2Zvcm1zLWJkNmMxL2djZi1hcnRpZmFjdHMvZm9ybXMtLWJkNmMxX191cy0tY2VudHJhbDFfX2FwaTp2ZXJzaW9uXzEYkdDu9MgWIjhwcm9qZWN0cy9mb3Jtcy1iZDZjMS9sb2NhdGlvbnMvdXMtY2VudHJhbDEvZnVuY3Rpb25zL2FwaSoMCMqmnMMGEKiynbUDMghub2RlanMxODp2CiNnY3IuaW8vZ2FlLXJ1bnRpbWVzL25vZGVqczE4OnN0YWJsZRJPdXMtY2VudHJhbDEtZG9ja2VyLnBrZy5kZXYvc2VydmVybGVzcy1ydW50aW1lcy9nb29nbGUtMjItZnVsbC9ydW50aW1lcy9ub2RlanMxOEAB for region us-central1
[debug] [2025-07-03T23:33:45.195Z] [update-default-us-central1-api] Retrying task index 0
[debug] [2025-07-03T23:33:45.195Z] Checked if tokens are valid: true, expires at: 1751586783610
[debug] [2025-07-03T23:33:45.195Z] Checked if tokens are valid: true, expires at: 1751586783610
[debug] [2025-07-03T23:33:45.196Z] >>> [apiv2][query] GET https://cloudfunctions.googleapis.com/v2/projects/forms-bd6c1/locations/us-central1/operations/operation-1751585545424-6390eca3a8ee9-b78c3354-5cf0d74b [none]
[debug] [2025-07-03T23:33:45.613Z] <<< [apiv2][status] GET https://cloudfunctions.googleapis.com/v2/projects/forms-bd6c1/locations/us-central1/operations/operation-1751585545424-6390eca3a8ee9-b78c3354-5cf0d74b 200
[debug] [2025-07-03T23:33:45.613Z] <<< [apiv2][body] GET https://cloudfunctions.googleapis.com/v2/projects/forms-bd6c1/locations/us-central1/operations/operation-1751585545424-6390eca3a8ee9-b78c3354-5cf0d74b {"name":"projects/forms-bd6c1/locations/us-central1/operations/operation-1751585545424-6390eca3a8ee9-b78c3354-5cf0d74b","metadata":{"@type":"type.googleapis.com/google.cloud.functions.v2.OperationMetadata","createTime":"2025-07-03T23:32:26.074220451Z","endTime":"2025-07-03T23:33:37.658847857Z","target":"projects/forms-bd6c1/locations/us-central1/functions/api","verb":"update","cancelRequested":false,"apiVersion":"v2","requestResource":{"@type":"type.googleapis.com/google.cloud.functions.v2.Function","name":"projects/forms-bd6c1/locations/us-central1/functions/api","buildConfig":{"runtime":"nodejs18","entryPoint":"api","source":{"storageSource":{"bucket":"gcf-v2-sources-775486679057-us-central1","object":"api/function-source.zip","generation":"1751585546025820"}},"environmentVariables":{"GOOGLE_NODE_RUN_SCRIPTS":""},"dockerRepository":"projects/forms-bd6c1/locations/us-central1/repositories/gcf-artifacts","serviceAccount":"projects/forms-bd6c1/serviceAccounts/775486679057-compute@developer.gserviceaccount.com","automaticUpdatePolicy":{}},"serviceConfig":{"service":"projects/forms-bd6c1/locations/us-central1/services/api","timeoutSeconds":60,"environmentVariables":{"FIREBASE_CONFIG":"{\"projectId\":\"forms-bd6c1\",\"storageBucket\":\"forms-bd6c1.firebasestorage.app\"}","GCLOUD_PROJECT":"forms-bd6c1","EVENTARC_CLOUD_EVENT_SOURCE":"projects/forms-bd6c1/locations/us-central1/services/api","FUNCTION_TARGET":"api","LOG_EXECUTION_ID":"true"},"ingressSettings":"ALLOW_ALL","serviceAccountEmail":"775486679057-compute@developer.gserviceaccount.com","availableMemory":"256Mi","allTrafficOnLatestRevision":true,"revision":"api-00003-nup","maxInstanceRequestConcurrency":80,"availableCpu":"1"},"state":"ACTIVE","labels":{"deployment-tool":"cloudfunctions","firebase-functions-hash":"c73b384334deff85b32f2508e0cbbb80af1c809a"},"environment":"GEN_2","url":"https://us-central1-forms-bd6c1.cloudfunctions.net/api","satisfiesPzi":true},"stages":[{"name":"SERVICE","state":"NOT_STARTED"}],"operationType":"UPDATE_FUNCTION"},"done":true,"error":{"code":3,"message":"Could not create or update Cloud Run service api, Container Healthcheck failed. Revision 'api-00004-mig' is not ready and cannot serve traffic. The user-provided container failed to start and listen on the port defined provided by the PORT=8080 environment variable within the allocated timeout. This can happen when the container port is misconfigured or if the timeout is too short. The health check timeout can be extended. Logs for this revision might contain more information.\n\nLogs URL: https://console.cloud.google.com/logs/viewer?project=forms-bd6c1&resource=cloud_run_revision/service_name/api/revision_name/api-00004-mig&advancedFilter=resource.type%3D%22cloud_run_revision%22%0Aresource.labels.service_name%3D%22api%22%0Aresource.labels.revision_name%3D%22api-00004-mig%22 \nFor more troubleshooting guidance, see https://cloud.google.com/run/docs/troubleshooting#container-failed-to-start"}}
[debug] [2025-07-03T23:33:45.613Z] Got source token undefined for region us-central1
[error] Could not create or update Cloud Run service api, Container Healthcheck failed. Revision 'api-00004-mig' is not ready and cannot serve traffic. The user-provided container failed to start and listen on the port defined provided by the PORT=8080 environment variable within the allocated timeout. This can happen when the container port is misconfigured or if the timeout is too short. The health check timeout can be extended. Logs for this revision might contain more information.

Logs URL: https://console.cloud.google.com/logs/viewer?project=forms-bd6c1&resource=cloud_run_revision/service_name/api/revision_name/api-00004-mig&advancedFilter=resource.type%3D%22cloud_run_revision%22%0Aresource.labels.service_name%3D%22api%22%0Aresource.labels.revision_name%3D%22api-00004-mig%22 
For more troubleshooting guidance, see https://cloud.google.com/run/docs/troubleshooting#container-failed-to-start
[debug] [2025-07-03T23:33:45.616Z] Total Function Deployment time: 80474
[debug] [2025-07-03T23:33:45.617Z] 1 Functions Deployed
[debug] [2025-07-03T23:33:45.617Z] 1 Functions Errored
[debug] [2025-07-03T23:33:45.617Z] 0 Function Deployments Aborted
[debug] [2025-07-03T23:33:45.617Z] Average Function Deployment time: 80473
[info] 
[info] Functions deploy had errors with the following functions:
	api(us-central1)
[debug] [2025-07-03T23:33:45.617Z] Not printing URL for HTTPS function. Typically this means it didn't match a filter or we failed deployment
[debug] [2025-07-03T23:33:45.618Z] Checked if tokens are valid: true, expires at: 1751586783610
[debug] [2025-07-03T23:33:45.619Z] Checked if tokens are valid: true, expires at: 1751586783610
[debug] [2025-07-03T23:33:45.619Z] >>> [apiv2][query] GET https://artifactregistry.googleapis.com/v1/projects/forms-bd6c1/locations/us-central1/repositories/gcf-artifacts [none]
[debug] [2025-07-03T23:33:45.973Z] <<< [apiv2][status] GET https://artifactregistry.googleapis.com/v1/projects/forms-bd6c1/locations/us-central1/repositories/gcf-artifacts 200
[debug] [2025-07-03T23:33:45.974Z] <<< [apiv2][body] GET https://artifactregistry.googleapis.com/v1/projects/forms-bd6c1/locations/us-central1/repositories/gcf-artifacts {"name":"projects/forms-bd6c1/locations/us-central1/repositories/gcf-artifacts","format":"DOCKER","description":"This repository is created and used by Cloud Functions for storing function docker images.","labels":{"goog-managed-by":"cloudfunctions"},"createTime":"2025-07-03T21:56:45.012137Z","updateTime":"2025-07-03T23:33:23.799497Z","mode":"STANDARD_REPOSITORY","cleanupPolicies":{"firebase-functions-cleanup":{"id":"firebase-functions-cleanup","action":"DELETE","condition":{"tagState":"ANY","olderThan":"2592000s"}}},"sizeBytes":"199223605","vulnerabilityScanningConfig":{"lastEnableTime":"2025-07-03T21:56:32.827294703Z","enablementState":"SCANNING_DISABLED","enablementStateReason":"API containerscanning.googleapis.com is not enabled."},"satisfiesPzi":true,"registryUri":"us-central1-docker.pkg.dev/forms-bd6c1/gcf-artifacts"}
[debug] [2025-07-03T23:33:45.974Z] Functions deploy failed.
[debug] [2025-07-03T23:33:45.974Z] {
  "endpoint": {
    "id": "api",
    "project": "forms-bd6c1",
    "region": "us-central1",
    "entryPoint": "api",
    "platform": "gcfv2",
    "runtime": "nodejs18",
    "httpsTrigger": {},
    "labels": {
      "deployment-tool": "cli-firebase"
    },
    "serviceAccount": null,
    "ingressSettings": null,
    "availableMemoryMb": null,
    "timeoutSeconds": null,
    "maxInstances": null,
    "minInstances": null,
    "concurrency": 80,
    "vpc": null,
    "environmentVariables": {
      "FIREBASE_CONFIG": "{\"projectId\":\"forms-bd6c1\",\"storageBucket\":\"forms-bd6c1.firebasestorage.app\"}",
      "GCLOUD_PROJECT": "forms-bd6c1",
      "EVENTARC_CLOUD_EVENT_SOURCE": "projects/forms-bd6c1/locations/us-central1/services/api",
      "FUNCTION_TARGET": "api",
      "LOG_EXECUTION_ID": "true"
    },
    "codebase": "default",
    "runServiceId": "api",
    "cpu": 1,
    "securityLevel": "SECURE_ALWAYS",
    "targetedByOnly": false,
    "hash": "c73b384334deff85b32f2508e0cbbb80af1c809a"
  },
  "op": "update",
  "original": {
    "name": "FirebaseError",
    "children": [],
    "exit": 1,
    "message": "Could not create or update Cloud Run service api, Container Healthcheck failed. Revision 'api-00004-mig' is not ready and cannot serve traffic. The user-provided container failed to start and listen on the port defined provided by the PORT=8080 environment variable within the allocated timeout. This can happen when the container port is misconfigured or if the timeout is too short. The health check timeout can be extended. Logs for this revision might contain more information.\n\nLogs URL: https://console.cloud.google.com/logs/viewer?project=forms-bd6c1&resource=cloud_run_revision/service_name/api/revision_name/api-00004-mig&advancedFilter=resource.type%3D%22cloud_run_revision%22%0Aresource.labels.service_name%3D%22api%22%0Aresource.labels.revision_name%3D%22api-00004-mig%22 \nFor more troubleshooting guidance, see https://cloud.google.com/run/docs/troubleshooting#container-failed-to-start",
    "original": {
      "code": 3,
      "message": "Could not create or update Cloud Run service api, Container Healthcheck failed. Revision 'api-00004-mig' is not ready and cannot serve traffic. The user-provided container failed to start and listen on the port defined provided by the PORT=8080 environment variable within the allocated timeout. This can happen when the container port is misconfigured or if the timeout is too short. The health check timeout can be extended. Logs for this revision might contain more information.\n\nLogs URL: https://console.cloud.google.com/logs/viewer?project=forms-bd6c1&resource=cloud_run_revision/service_name/api/revision_name/api-00004-mig&advancedFilter=resource.type%3D%22cloud_run_revision%22%0Aresource.labels.service_name%3D%22api%22%0Aresource.labels.revision_name%3D%22api-00004-mig%22 \nFor more troubleshooting guidance, see https://cloud.google.com/run/docs/troubleshooting#container-failed-to-start"
    },
    "status": 3,
    "code": 3
  }
}
[debug] [2025-07-03T23:33:45.976Z] Error: Failed to update function api in region us-central1
    at /Users/ryneevans/.npm-global/lib/node_modules/firebase-tools/lib/deploy/functions/release/fabricator.js:399:19
    at process.processTicksAndRejections (node:internal/process/task_queues:105:5)
    at async Fabricator.updateV2Function (/Users/ryneevans/.npm-global/lib/node_modules/firebase-tools/lib/deploy/functions/release/fabricator.js:388:32)
    at async Fabricator.updateEndpoint (/Users/ryneevans/.npm-global/lib/node_modules/firebase-tools/lib/deploy/functions/release/fabricator.js:155:13)
    at async handle (/Users/ryneevans/.npm-global/lib/node_modules/firebase-tools/lib/deploy/functions/release/fabricator.js:89:17)
[error] 
[error] Error: There was an error deploying functions
